<?xml version="1.0" encoding="UTF-8"?>
<!-- Generated by org.testng.reporters.JUnitReportReporter -->
<testsuite skipped="0" hostname="User-PC" name="com.MapsynqTestCases.MapsynqTestCases" tests="20" failures="0" timestamp="04 Feb 2019 21:24:51 GMT" time="244.358" errors="0">
  <testcase name="launchApplication" time="12.511" classname="com.MapsynqTestCases.MapsynqTestCases"/>
  <testcase name="promotionalWindow" time="10.375" classname="com.MapsynqTestCases.MapsynqTestCases"/>
  <testcase name="LeftWindowClose" time="10.294" classname="com.MapsynqTestCases.MapsynqTestCases"/>
  <testcase name="CloseIncidentsTAB" time="10.389" classname="com.MapsynqTestCases.MapsynqTestCases"/>
  <testcase name="OpenTrafficTAB" time="10.563" classname="com.MapsynqTestCases.MapsynqTestCases"/>
  <testcase name="CloseTrafficTAB" time="10.274" classname="com.MapsynqTestCases.MapsynqTestCases"/>
  <testcase name="OpenIncidentsTAB" time="10.572" classname="com.MapsynqTestCases.MapsynqTestCases"/>
  <testcase name="CloseIncidentsTAB2" time="10.243" classname="com.MapsynqTestCases.MapsynqTestCases"/>
  <testcase name="OpenParkingTAB" time="10.546" classname="com.MapsynqTestCases.MapsynqTestCases"/>
  <testcase name="CloseParkingTAB" time="10.378" classname="com.MapsynqTestCases.MapsynqTestCases"/>
  <testcase name="OpenTollTAB" time="10.619" classname="com.MapsynqTestCases.MapsynqTestCases"/>
  <testcase name="OpenCamerasTAB" time="10.545" classname="com.MapsynqTestCases.MapsynqTestCases"/>
  <testcase name="CloseTollTAB" time="10.304" classname="com.MapsynqTestCases.MapsynqTestCases"/>
  <testcase name="OpenAllTAB" time="26.177" classname="com.MapsynqTestCases.MapsynqTestCases"/>
  <testcase name="LeftWindowOpen" time="10.293" classname="com.MapsynqTestCases.MapsynqTestCases"/>
  <testcase name="ClickDirectionsTab" time="10.400" classname="com.MapsynqTestCases.MapsynqTestCases"/>
  <testcase name="GetDirections" time="18.145" classname="com.MapsynqTestCases.MapsynqTestCases"/>
  <testcase name="clickonMobileAppLink" time="10.448" classname="com.MapsynqTestCases.MapsynqTestCases"/>
  <testcase name="clickonGalactioLink" time="15.599" classname="com.MapsynqTestCases.MapsynqTestCases"/>
  <testcase name="clickonSGGPSNav" time="15.683" classname="com.MapsynqTestCases.MapsynqTestCases"/>
</testsuite> <!-- com.MapsynqTestCases.MapsynqTestCases -->
